** Writing PID file to tmp/pids/mongrel.8000.pid
** Daemonized, any open files are closed.  Look at tmp/pids/mongrel.8000.pid and log/mongrel.8000.log for info.
** Starting Mongrel listening at 127.0.0.1:8000
** Starting Rails with development environment...
** Rails loaded.
** Loading any Rails specific GemPlugins
NOTE: Gem::SourceIndex.from_installed_gems is deprecated with no replacement. It will be removed on or after 2011-10-01.
Gem::SourceIndex.from_installed_gems called from /usr/local/lib/ruby/gems/1.9.1/gems/gem_plugin-0.2.3/lib/gem_plugin.rb:109.
NOTE: from_installed_gems(arg) is deprecated. From /usr/local/lib/ruby/site_ruby/1.9.1/rubygems/deprecate.rb:63:in `block (2 levels) in deprecate'
NOTE: Gem::SourceIndex.from_gems_in is deprecated with no replacement. It will be removed on or after 2011-10-01.
Gem::SourceIndex.from_gems_in called from /usr/local/lib/ruby/site_ruby/1.9.1/rubygems/source_index.rb:50.
NOTE: Gem::SourceIndex#each is deprecated with no replacement. It will be removed on or after 2011-11-01.
Gem::SourceIndex#each called from /usr/local/lib/ruby/gems/1.9.1/gems/gem_plugin-0.2.3/lib/gem_plugin.rb:112.
** Signals ready.  TERM => stop.  USR2 => restart.  INT => stop (no restart).
** Rails signals registered.  HUP => reload (without restart).  It might not work well.
** Mongrel 1.2.0.pre2 available at 127.0.0.1:8000
** TERM signal received.
** Writing PID file to tmp/pids/mongrel.8000.pid
** Daemonized, any open files are closed.  Look at tmp/pids/mongrel.8000.pid and log/mongrel.8000.log for info.
** Starting Mongrel listening at 127.0.0.1:8000
** Starting Rails with development environment...
** Rails loaded.
** Loading any Rails specific GemPlugins
NOTE: Gem::SourceIndex.from_installed_gems is deprecated with no replacement. It will be removed on or after 2011-10-01.
Gem::SourceIndex.from_installed_gems called from /usr/local/lib/ruby/gems/1.9.1/gems/gem_plugin-0.2.3/lib/gem_plugin.rb:109.
NOTE: from_installed_gems(arg) is deprecated. From /usr/local/lib/ruby/site_ruby/1.9.1/rubygems/deprecate.rb:63:in `block (2 levels) in deprecate'
NOTE: Gem::SourceIndex.from_gems_in is deprecated with no replacement. It will be removed on or after 2011-10-01.
Gem::SourceIndex.from_gems_in called from /usr/local/lib/ruby/site_ruby/1.9.1/rubygems/source_index.rb:50.
NOTE: Gem::SourceIndex#each is deprecated with no replacement. It will be removed on or after 2011-11-01.
Gem::SourceIndex#each called from /usr/local/lib/ruby/gems/1.9.1/gems/gem_plugin-0.2.3/lib/gem_plugin.rb:112.
** Signals ready.  TERM => stop.  USR2 => restart.  INT => stop (no restart).
** Rails signals registered.  HUP => reload (without restart).  It might not work well.
** Mongrel 1.2.0.pre2 available at 127.0.0.1:8000
2011-12-05 21:23:48 -0500: Error calling Dispatcher.dispatch #<NameError: uninitialized constant ActionController::CgiRequest>
/usr/local/lib/ruby/gems/1.9.1/gems/mongrel-1.2.0.pre2/lib/mongrel/rails.rb:76:in `block in process'
<internal:prelude>:10:in `synchronize'
/usr/local/lib/ruby/gems/1.9.1/gems/mongrel-1.2.0.pre2/lib/mongrel/rails.rb:74:in `process'
/usr/local/lib/ruby/gems/1.9.1/gems/mongrel-1.2.0.pre2/lib/mongrel.rb:165:in `block in process_client'
/usr/local/lib/ruby/gems/1.9.1/gems/mongrel-1.2.0.pre2/lib/mongrel.rb:164:in `each'
/usr/local/lib/ruby/gems/1.9.1/gems/mongrel-1.2.0.pre2/lib/mongrel.rb:164:in `process_client'
/usr/local/lib/ruby/gems/1.9.1/gems/mongrel-1.2.0.pre2/lib/mongrel.rb:291:in `block (2 levels) in run'
** TERM signal received.
** Writing PID file to tmp/pids/mongrel.8000.pid
** Daemonized, any open files are closed.  Look at tmp/pids/mongrel.8000.pid and log/mongrel.8000.log for info.
** Starting Mongrel listening at 127.0.0.1:8000
** Starting Rails with development environment...
** Rails loaded.
** Loading any Rails specific GemPlugins
NOTE: Gem::SourceIndex.from_installed_gems is deprecated with no replacement. It will be removed on or after 2011-10-01.
Gem::SourceIndex.from_installed_gems called from /usr/local/lib/ruby/gems/1.9.1/gems/gem_plugin-0.2.3/lib/gem_plugin.rb:109.
NOTE: from_installed_gems(arg) is deprecated. From /usr/local/lib/ruby/site_ruby/1.9.1/rubygems/deprecate.rb:63:in `block (2 levels) in deprecate'
NOTE: Gem::SourceIndex.from_gems_in is deprecated with no replacement. It will be removed on or after 2011-10-01.
Gem::SourceIndex.from_gems_in called from /usr/local/lib/ruby/site_ruby/1.9.1/rubygems/source_index.rb:50.
NOTE: Gem::SourceIndex#each is deprecated with no replacement. It will be removed on or after 2011-11-01.
Gem::SourceIndex#each called from /usr/local/lib/ruby/gems/1.9.1/gems/gem_plugin-0.2.3/lib/gem_plugin.rb:112.
** Signals ready.  TERM => stop.  USR2 => restart.  INT => stop (no restart).
** Rails signals registered.  HUP => reload (without restart).  It might not work well.
** Mongrel 1.2.0.pre2 available at 127.0.0.1:8000
2011-12-05 21:26:25 -0500: Error calling Dispatcher.dispatch #<NameError: uninitialized constant ActionController::CgiRequest>
/usr/local/lib/ruby/gems/1.9.1/gems/mongrel-1.2.0.pre2/lib/mongrel/rails.rb:76:in `block in process'
<internal:prelude>:10:in `synchronize'
/usr/local/lib/ruby/gems/1.9.1/gems/mongrel-1.2.0.pre2/lib/mongrel/rails.rb:74:in `process'
/usr/local/lib/ruby/gems/1.9.1/gems/mongrel-1.2.0.pre2/lib/mongrel.rb:165:in `block in process_client'
/usr/local/lib/ruby/gems/1.9.1/gems/mongrel-1.2.0.pre2/lib/mongrel.rb:164:in `each'
/usr/local/lib/ruby/gems/1.9.1/gems/mongrel-1.2.0.pre2/lib/mongrel.rb:164:in `process_client'
/usr/local/lib/ruby/gems/1.9.1/gems/mongrel-1.2.0.pre2/lib/mongrel.rb:291:in `block (2 levels) in run'
2011-12-05 21:26:29 -0500: Error calling Dispatcher.dispatch #<NameError: uninitialized constant ActionController::CgiRequest>
/usr/local/lib/ruby/gems/1.9.1/gems/mongrel-1.2.0.pre2/lib/mongrel/rails.rb:76:in `block in process'
<internal:prelude>:10:in `synchronize'
/usr/local/lib/ruby/gems/1.9.1/gems/mongrel-1.2.0.pre2/lib/mongrel/rails.rb:74:in `process'
/usr/local/lib/ruby/gems/1.9.1/gems/mongrel-1.2.0.pre2/lib/mongrel.rb:165:in `block in process_client'
/usr/local/lib/ruby/gems/1.9.1/gems/mongrel-1.2.0.pre2/lib/mongrel.rb:164:in `each'
/usr/local/lib/ruby/gems/1.9.1/gems/mongrel-1.2.0.pre2/lib/mongrel.rb:164:in `process_client'
/usr/local/lib/ruby/gems/1.9.1/gems/mongrel-1.2.0.pre2/lib/mongrel.rb:291:in `block (2 levels) in run'
2011-12-05 21:26:30 -0500: Error calling Dispatcher.dispatch #<NameError: uninitialized constant ActionController::CgiRequest>
/usr/local/lib/ruby/gems/1.9.1/gems/mongrel-1.2.0.pre2/lib/mongrel/rails.rb:76:in `block in process'
<internal:prelude>:10:in `synchronize'
/usr/local/lib/ruby/gems/1.9.1/gems/mongrel-1.2.0.pre2/lib/mongrel/rails.rb:74:in `process'
/usr/local/lib/ruby/gems/1.9.1/gems/mongrel-1.2.0.pre2/lib/mongrel.rb:165:in `block in process_client'
/usr/local/lib/ruby/gems/1.9.1/gems/mongrel-1.2.0.pre2/lib/mongrel.rb:164:in `each'
/usr/local/lib/ruby/gems/1.9.1/gems/mongrel-1.2.0.pre2/lib/mongrel.rb:164:in `process_client'
/usr/local/lib/ruby/gems/1.9.1/gems/mongrel-1.2.0.pre2/lib/mongrel.rb:291:in `block (2 levels) in run'
2011-12-05 21:26:31 -0500: Error calling Dispatcher.dispatch #<NameError: uninitialized constant ActionController::CgiRequest>
/usr/local/lib/ruby/gems/1.9.1/gems/mongrel-1.2.0.pre2/lib/mongrel/rails.rb:76:in `block in process'
<internal:prelude>:10:in `synchronize'
/usr/local/lib/ruby/gems/1.9.1/gems/mongrel-1.2.0.pre2/lib/mongrel/rails.rb:74:in `process'
/usr/local/lib/ruby/gems/1.9.1/gems/mongrel-1.2.0.pre2/lib/mongrel.rb:165:in `block in process_client'
/usr/local/lib/ruby/gems/1.9.1/gems/mongrel-1.2.0.pre2/lib/mongrel.rb:164:in `each'
/usr/local/lib/ruby/gems/1.9.1/gems/mongrel-1.2.0.pre2/lib/mongrel.rb:164:in `process_client'
/usr/local/lib/ruby/gems/1.9.1/gems/mongrel-1.2.0.pre2/lib/mongrel.rb:291:in `block (2 levels) in run'
2011-12-05 21:26:32 -0500: Error calling Dispatcher.dispatch #<NameError: uninitialized constant ActionController::CgiRequest>
/usr/local/lib/ruby/gems/1.9.1/gems/mongrel-1.2.0.pre2/lib/mongrel/rails.rb:76:in `block in process'
<internal:prelude>:10:in `synchronize'
/usr/local/lib/ruby/gems/1.9.1/gems/mongrel-1.2.0.pre2/lib/mongrel/rails.rb:74:in `process'
/usr/local/lib/ruby/gems/1.9.1/gems/mongrel-1.2.0.pre2/lib/mongrel.rb:165:in `block in process_client'
/usr/local/lib/ruby/gems/1.9.1/gems/mongrel-1.2.0.pre2/lib/mongrel.rb:164:in `each'
/usr/local/lib/ruby/gems/1.9.1/gems/mongrel-1.2.0.pre2/lib/mongrel.rb:164:in `process_client'
/usr/local/lib/ruby/gems/1.9.1/gems/mongrel-1.2.0.pre2/lib/mongrel.rb:291:in `block (2 levels) in run'
2011-12-05 21:26:32 -0500: Error calling Dispatcher.dispatch #<NameError: uninitialized constant ActionController::CgiRequest>
/usr/local/lib/ruby/gems/1.9.1/gems/mongrel-1.2.0.pre2/lib/mongrel/rails.rb:76:in `block in process'
<internal:prelude>:10:in `synchronize'
/usr/local/lib/ruby/gems/1.9.1/gems/mongrel-1.2.0.pre2/lib/mongrel/rails.rb:74:in `process'
/usr/local/lib/ruby/gems/1.9.1/gems/mongrel-1.2.0.pre2/lib/mongrel.rb:165:in `block in process_client'
/usr/local/lib/ruby/gems/1.9.1/gems/mongrel-1.2.0.pre2/lib/mongrel.rb:164:in `each'
/usr/local/lib/ruby/gems/1.9.1/gems/mongrel-1.2.0.pre2/lib/mongrel.rb:164:in `process_client'
/usr/local/lib/ruby/gems/1.9.1/gems/mongrel-1.2.0.pre2/lib/mongrel.rb:291:in `block (2 levels) in run'
2011-12-05 21:36:32 -0500: Error calling Dispatcher.dispatch #<NameError: uninitialized constant ActionController::CgiRequest>
/usr/local/lib/ruby/gems/1.9.1/gems/mongrel-1.2.0.pre2/lib/mongrel/rails.rb:76:in `block in process'
<internal:prelude>:10:in `synchronize'
/usr/local/lib/ruby/gems/1.9.1/gems/mongrel-1.2.0.pre2/lib/mongrel/rails.rb:74:in `process'
/usr/local/lib/ruby/gems/1.9.1/gems/mongrel-1.2.0.pre2/lib/mongrel.rb:165:in `block in process_client'
/usr/local/lib/ruby/gems/1.9.1/gems/mongrel-1.2.0.pre2/lib/mongrel.rb:164:in `each'
/usr/local/lib/ruby/gems/1.9.1/gems/mongrel-1.2.0.pre2/lib/mongrel.rb:164:in `process_client'
/usr/local/lib/ruby/gems/1.9.1/gems/mongrel-1.2.0.pre2/lib/mongrel.rb:291:in `block (2 levels) in run'
2011-12-05 21:38:54 -0500: Error calling Dispatcher.dispatch #<NameError: uninitialized constant ActionController::CgiRequest>
/usr/local/lib/ruby/gems/1.9.1/gems/mongrel-1.2.0.pre2/lib/mongrel/rails.rb:76:in `block in process'
<internal:prelude>:10:in `synchronize'
/usr/local/lib/ruby/gems/1.9.1/gems/mongrel-1.2.0.pre2/lib/mongrel/rails.rb:74:in `process'
/usr/local/lib/ruby/gems/1.9.1/gems/mongrel-1.2.0.pre2/lib/mongrel.rb:165:in `block in process_client'
/usr/local/lib/ruby/gems/1.9.1/gems/mongrel-1.2.0.pre2/lib/mongrel.rb:164:in `each'
/usr/local/lib/ruby/gems/1.9.1/gems/mongrel-1.2.0.pre2/lib/mongrel.rb:164:in `process_client'
/usr/local/lib/ruby/gems/1.9.1/gems/mongrel-1.2.0.pre2/lib/mongrel.rb:291:in `block (2 levels) in run'
** TERM signal received.
